<?xml version="1.0" encoding="UTF-8"?>
<!-- Generated by org.testng.reporters.JUnitReportReporter -->
<testsuite hostname="LAPTOP-5AU7GJHM" failures="0" tests="1" name="com.obsqura.tests.CreateDeleteExpense" time="2.539" errors="0" timestamp="2023-10-06T08:16:30 IST" skipped="0">
  <testcase classname="com.obsqura.tests.CreateDeleteExpense" name="ManageExpenseTest" time="2.539"/>
</testsuite> <!-- com.obsqura.tests.CreateDeleteExpense -->
