<?xml version="1.0" encoding="UTF-8"?>
<!-- Generated by org.testng.reporters.JUnitReportReporter -->
<testsuite hostname="LAPTOP-5AU7GJHM" failures="0" tests="1" name="com.obsqura.tests.ManageExpense" time="2.336" errors="0" timestamp="2023-10-05T08:06:37 IST" skipped="0">
  <testcase classname="com.obsqura.tests.ManageExpense" name="ManageExpenseTest" time="2.336"/>
</testsuite> <!-- com.obsqura.tests.ManageExpense -->
